<?xml version="1.0" encoding="UTF-8"?>
<!-- Generated by org.testng.reporters.JUnitXMLReporter -->
<testsuite hostname="EPBYMINW5520" name="Default test" tests="4" failures="0" timestamp="22 May 2017 07:39:25 GMT" time="0.034" errors="0">
  <testcase name="returnNotNullGreetingTest" time="0.005" classname="com.epam.hello_ci.LogicTest"/>
  <testcase name="returnNotNullLineTest" time="0.002" classname="com.epam.hello_ci.LogicTest"/>
  <testcase name="returnNullGreetingTest" time="0.002" classname="com.epam.hello_ci.LogicTest"/>
  <testcase name="returnNullLineTest" time="0.001" classname="com.epam.hello_ci.LogicTest"/>
</testsuite> <!-- Default test -->
