<?xml version="1.0" encoding="UTF-8"?>
<testng-results skipped="0" failed="0" total="2" passed="2">
  <reporter-output>
  </reporter-output>
  <suite name="Default suite" duration-ms="24" started-at="2017-05-18T14:43:34Z" finished-at="2017-05-18T14:43:34Z">
    <groups>
    </groups>
    <test name="Default test" duration-ms="24" started-at="2017-05-18T14:43:34Z" finished-at="2017-05-18T14:43:34Z">
      <class name="com.epam.hello_ci.LogicTest">
        <test-method status="PASS" signature="injectDoubles()[pri:0, instance:com.epam.hello_ci.LogicTest@2cb4c3ab]" name="injectDoubles" is-config="true" duration-ms="5" started-at="2017-05-18T17:43:34Z" finished-at="2017-05-18T17:43:34Z">
          <reporter-output>
          </reporter-output>
        </test-method> <!-- injectDoubles -->
        <test-method status="PASS" signature="returnNotNullLineTest()[pri:0, instance:com.epam.hello_ci.LogicTest@2cb4c3ab]" name="returnNotNullLineTest" duration-ms="6" started-at="2017-05-18T17:43:34Z" finished-at="2017-05-18T17:43:34Z">
          <reporter-output>
          </reporter-output>
        </test-method> <!-- returnNotNullLineTest -->
        <test-method status="PASS" signature="returnNullLineTest()[pri:0, instance:com.epam.hello_ci.LogicTest@2cb4c3ab]" name="returnNullLineTest" duration-ms="1" started-at="2017-05-18T17:43:34Z" finished-at="2017-05-18T17:43:34Z">
          <reporter-output>
          </reporter-output>
        </test-method> <!-- returnNullLineTest -->
        <test-method status="PASS" signature="injectDoubles()[pri:0, instance:com.epam.hello_ci.LogicTest@2cb4c3ab]" name="injectDoubles" is-config="true" duration-ms="0" started-at="2017-05-18T17:43:34Z" finished-at="2017-05-18T17:43:34Z">
          <reporter-output>
          </reporter-output>
        </test-method> <!-- injectDoubles -->
      </class> <!-- com.epam.hello_ci.LogicTest -->
    </test> <!-- Default test -->
  </suite> <!-- Default suite -->
</testng-results>
