<?xml version="1.0" encoding="UTF-8"?>
<testng-results skipped="0" failed="0" total="4" passed="4">
  <reporter-output>
  </reporter-output>
  <suite name="Default suite" duration-ms="34" started-at="2017-05-22T07:39:25Z" finished-at="2017-05-22T07:39:25Z">
    <groups>
    </groups>
    <test name="Default test" duration-ms="34" started-at="2017-05-22T07:39:25Z" finished-at="2017-05-22T07:39:25Z">
      <class name="com.epam.hello_ci.LogicTest">
        <test-method status="PASS" signature="injectDoubles()[pri:0, instance:com.epam.hello_ci.LogicTest@2cb4c3ab]" name="injectDoubles" is-config="true" duration-ms="5" started-at="2017-05-22T10:39:25Z" finished-at="2017-05-22T10:39:25Z">
          <reporter-output>
          </reporter-output>
        </test-method> <!-- injectDoubles -->
        <test-method status="PASS" signature="returnNotNullGreetingTest()[pri:0, instance:com.epam.hello_ci.LogicTest@2cb4c3ab]" name="returnNotNullGreetingTest" duration-ms="5" started-at="2017-05-22T10:39:25Z" finished-at="2017-05-22T10:39:25Z">
          <reporter-output>
          </reporter-output>
        </test-method> <!-- returnNotNullGreetingTest -->
        <test-method status="PASS" signature="injectDoubles()[pri:0, instance:com.epam.hello_ci.LogicTest@2cb4c3ab]" name="injectDoubles" is-config="true" duration-ms="1" started-at="2017-05-22T10:39:25Z" finished-at="2017-05-22T10:39:25Z">
          <reporter-output>
          </reporter-output>
        </test-method> <!-- injectDoubles -->
        <test-method status="PASS" signature="returnNotNullLineTest()[pri:0, instance:com.epam.hello_ci.LogicTest@2cb4c3ab]" name="returnNotNullLineTest" duration-ms="2" started-at="2017-05-22T10:39:25Z" finished-at="2017-05-22T10:39:25Z">
          <reporter-output>
          </reporter-output>
        </test-method> <!-- returnNotNullLineTest -->
        <test-method status="PASS" signature="returnNullGreetingTest()[pri:0, instance:com.epam.hello_ci.LogicTest@2cb4c3ab]" name="returnNullGreetingTest" duration-ms="2" started-at="2017-05-22T10:39:25Z" finished-at="2017-05-22T10:39:25Z">
          <reporter-output>
          </reporter-output>
        </test-method> <!-- returnNullGreetingTest -->
        <test-method status="PASS" signature="injectDoubles()[pri:0, instance:com.epam.hello_ci.LogicTest@2cb4c3ab]" name="injectDoubles" is-config="true" duration-ms="0" started-at="2017-05-22T10:39:25Z" finished-at="2017-05-22T10:39:25Z">
          <reporter-output>
          </reporter-output>
        </test-method> <!-- injectDoubles -->
        <test-method status="PASS" signature="returnNullLineTest()[pri:0, instance:com.epam.hello_ci.LogicTest@2cb4c3ab]" name="returnNullLineTest" duration-ms="1" started-at="2017-05-22T10:39:25Z" finished-at="2017-05-22T10:39:25Z">
          <reporter-output>
          </reporter-output>
        </test-method> <!-- returnNullLineTest -->
        <test-method status="PASS" signature="injectDoubles()[pri:0, instance:com.epam.hello_ci.LogicTest@2cb4c3ab]" name="injectDoubles" is-config="true" duration-ms="0" started-at="2017-05-22T10:39:25Z" finished-at="2017-05-22T10:39:25Z">
          <reporter-output>
          </reporter-output>
        </test-method> <!-- injectDoubles -->
      </class> <!-- com.epam.hello_ci.LogicTest -->
    </test> <!-- Default test -->
  </suite> <!-- Default suite -->
</testng-results>
